<?xml version="1.0" encoding="UTF-8"?>
<!-- Generated by org.testng.reporters.JUnitReportReporter -->
<testsuite hostname="LAPTOP-2GUN9U94" failures="0" tests="1" name="TestClasspackage.GetReference3" time="2.898" errors="0" timestamp="2023-05-31T04:48:18 IST" skipped="0">
  <testcase classname="TestClasspackage.GetReference3" name="execute" time="2.898"/>
  <system-out/>
</testsuite> <!-- TestClasspackage.GetReference3 -->
