<?xml version="1.0" encoding="UTF-8"?>
<!-- Generated by org.testng.reporters.JUnitReportReporter -->
<testsuite hostname="LAPTOP-2GUN9U94" failures="0" tests="1" name="TestClasspackage.GetReference2" time="3.886" errors="0" timestamp="2023-05-31T04:48:18 IST" skipped="0">
  <testcase classname="TestClasspackage.GetReference2" name="execute" time="3.886"/>
  <system-out/>
</testsuite> <!-- TestClasspackage.GetReference2 -->
