<?xml version="1.0" encoding="UTF-8"?>
<!-- Generated by org.testng.reporters.JUnitReportReporter -->
<testsuite hostname="LAPTOP-2GUN9U94" failures="0" tests="1" name="TestClasspackage.GetReference" time="3.165" errors="0" timestamp="2023-05-31T04:48:18 IST" skipped="0">
  <testcase classname="TestClasspackage.GetReference" name="execute" time="3.165"/>
  <system-out/>
</testsuite> <!-- TestClasspackage.GetReference -->
